[handleMsg]:  {
  key: {
    remoteJid: '59175435936@s.whatsapp.net',
    fromMe: false,
    id: 'CB6E1B0E85264CA7D4A695B7CD543446',
    participant: undefined
  },
  messageTimestamp: 1729096222,
  pushName: 'Fabi',
  broadcast: false,
  message: Message {
    conversation: 'Te esty esperando x el caballito',
    messageContextInfo: MessageContextInfo {
      deviceListMetadata: [DeviceListMetadata],
      deviceListMetadataVersion: 2
    }
  },
  body: 'Te esty esperando x el caballito',
  from: '59175435936'
}
[handleMsg]:  {
  key: {
    remoteJid: '59178722480@s.whatsapp.net',
    fromMe: false,
    id: '69127FF1F862D6608410F77E27D4E172',
    participant: undefined
  },
  messageTimestamp: 1729104891,
  pushName: '游꺛',
  broadcast: false,
  message: Message {
    conversation: 'Jijujijujiju primo',
    messageContextInfo: MessageContextInfo {
      deviceListMetadata: [DeviceListMetadata],
      deviceListMetadataVersion: 2
    }
  },
  body: 'Jijujijujiju primo',
  from: '59178722480'
}
[handleMsg]:  {
  key: {
    remoteJid: '59178722480@s.whatsapp.net',
    fromMe: false,
    id: 'D13B4FFC74E2DF6B4128F2F8766C7FFB',
    participant: undefined
  },
  messageTimestamp: 1729104896,
  pushName: '游꺛',
  broadcast: false,
  message: Message {
    conversation: 'Yo ya etoy aqu칤 igual',
    messageContextInfo: MessageContextInfo {
      deviceListMetadata: [DeviceListMetadata],
      deviceListMetadataVersion: 2
    }
  },
  body: 'Yo ya etoy aqu칤 igual',
  from: '59178722480'
}
[handleMsg]:  {
  key: {
    remoteJid: '59178722480@s.whatsapp.net',
    fromMe: false,
    id: 'D30252460028211BE643C15A8B9236CD',
    participant: undefined
  },
  messageTimestamp: 1729104908,
  pushName: '游꺛',
  broadcast: false,
  message: Message {
    conversation: 'Que dijeron en la reuni칩n',
    messageContextInfo: MessageContextInfo {
      deviceListMetadata: [DeviceListMetadata],
      deviceListMetadataVersion: 2
    }
  },
  body: 'Que dijeron en la reuni칩n',
  from: '59178722480'
}
[handleMsg]:  {
  key: {
    remoteJid: '59178722480@s.whatsapp.net',
    fromMe: false,
    id: 'A657DB1E85658D045FA848D12252719B',
    participant: undefined
  },
  messageTimestamp: 1729104913,
  pushName: '游꺛',
  broadcast: false,
  message: Message {
    conversation: 'Dice que hab칤a chino',
    messageContextInfo: MessageContextInfo {
      deviceListMetadata: [DeviceListMetadata],
      deviceListMetadataVersion: 2
    }
  },
  body: 'Dice que hab칤a chino',
  from: '59178722480'
}
[handleMsg]:  {
  key: {
    remoteJid: '59178722480@s.whatsapp.net',
    fromMe: false,
    id: 'B5C09FB4C755860DA125C3ADEB77119A',
    participant: undefined
  },
  messageTimestamp: 1729104919,
  pushName: '游꺛',
  broadcast: false,
  message: Message {
    conversation: 'No sab칤a',
    messageContextInfo: MessageContextInfo {
      deviceListMetadata: [DeviceListMetadata],
      deviceListMetadataVersion: 2
    }
  },
  body: 'No sab칤a',
  from: '59178722480'
}
[handleMsg]:  {
  key: {
    remoteJid: '59176172449@s.whatsapp.net',
    fromMe: false,
    id: '3AE647D4955E0BC61389',
    participant: undefined
  },
  messageTimestamp: 1729106392,
  pushName: 'Cami',
  broadcast: false,
  message: Message {
    conversation: 'Hola',
    messageContextInfo: MessageContextInfo {
      deviceListMetadata: [DeviceListMetadata],
      deviceListMetadataVersion: 2
    }
  },
  body: 'Hola',
  from: '59176172449'
}
[QUEUE_SE_ENVIO]:  {
  ref: 'ans_b84e74e5-0f1a-4e17-aed6-1cf0e8195d93',
  keyword: 'key_6ac812eb-a9f9-4f72-b2ba-2cbecdd124ce',
  answer: '游뗿 Hola bienvenido a este *Chatbot*',
  options: {
    media: null,
    buttons: [],
    capture: false,
    child: null,
    delay: 0,
    idle: null,
    ref: null,
    nested: [],
    keyword: {},
    callback: false
  },
  refSerialize: 'cc4f0e39447a584d140634dbdf9258a7'
}
[QUEUE_SE_ENVIO]:  {
  ref: 'ans_cd1a923d-3dd1-46be-9974-b6675ab39e36',
  keyword: 'ans_b84e74e5-0f1a-4e17-aed6-1cf0e8195d93',
  answer: 'te comparto los siguientes links de interes sobre el proyecto\n' +
    '游녤 *doc* para ver la documentaci칩n\n' +
    '游녤 *gracias*  para ver la lista de videos\n' +
    '游녤 *discord* unirte al discord',
  options: {
    media: null,
    buttons: [],
    capture: false,
    child: null,
    delay: 0,
    idle: null,
    ref: null,
    nested: [
      [Object], [Object],
      [Object], [Object],
      [Object], [Object],
      [Object], [Object]
    ],
    keyword: {},
    callback: false
  },
  refSerialize: '9b3a44ea796c13d47270bd1615751c31'
}
[handleMsg]:  {
  key: {
    remoteJid: '59176172449@s.whatsapp.net',
    fromMe: false,
    id: '3ADCF5D5CA039445EB14',
    participant: undefined
  },
  messageTimestamp: 1729107791,
  pushName: 'Cami',
  broadcast: false,
  message: Message {
    conversation: 'Hola',
    messageContextInfo: MessageContextInfo {
      deviceListMetadata: [DeviceListMetadata],
      deviceListMetadataVersion: 2
    }
  },
  body: 'Hola',
  from: '59176172449'
}
[handleMsg]:  {
  key: {
    remoteJid: '59176172449@s.whatsapp.net',
    fromMe: false,
    id: '3A837FDEC742FC92752F',
    participant: undefined
  },
  messageTimestamp: 1729107803,
  pushName: 'Cami',
  broadcast: false,
  message: Message {
    conversation: 'Hola',
    messageContextInfo: MessageContextInfo {
      deviceListMetadata: [DeviceListMetadata],
      deviceListMetadataVersion: 2
    }
  },
  body: 'Hola',
  from: '59176172449'
}
[QUEUE_SE_ENVIO]:  {
  ref: 'ans_b84e74e5-0f1a-4e17-aed6-1cf0e8195d93',
  keyword: 'key_6ac812eb-a9f9-4f72-b2ba-2cbecdd124ce',
  answer: '游뗿 Hola bienvenido a este *Chatbot*',
  options: {
    media: null,
    buttons: [],
    capture: false,
    child: null,
    delay: 0,
    idle: null,
    ref: null,
    nested: [],
    keyword: {},
    callback: false
  },
  refSerialize: 'cc4f0e39447a584d140634dbdf9258a7'
}
[QUEUE_SE_ENVIO]:  {
  ref: 'ans_cd1a923d-3dd1-46be-9974-b6675ab39e36',
  keyword: 'ans_b84e74e5-0f1a-4e17-aed6-1cf0e8195d93',
  answer: 'te comparto los siguientes links de interes sobre el proyecto\n' +
    '游녤 *doc* para ver la documentaci칩n\n' +
    '游녤 *gracias*  para ver la lista de videos\n' +
    '游녤 *discord* unirte al discord',
  options: {
    media: null,
    buttons: [],
    capture: false,
    child: null,
    delay: 0,
    idle: null,
    ref: null,
    nested: [
      [Object], [Object],
      [Object], [Object],
      [Object], [Object],
      [Object], [Object]
    ],
    keyword: {},
    callback: false
  },
  refSerialize: '9b3a44ea796c13d47270bd1615751c31'
}
